c:\users\jimmy\desktop\cse190_project3\consoleapplication1\debug\vc120.pdb
c:\users\jimmy\desktop\cse190_project3\consoleapplication1\debug\vc120.idb
c:\users\jimmy\desktop\cse190_project3\consoleapplication1\debug\camera.obj
c:\users\jimmy\desktop\cse190_project3\consoleapplication1\debug\cube.obj
c:\users\jimmy\desktop\cse190_project3\consoleapplication1\debug\cubemap.obj
c:\users\jimmy\desktop\cse190_project3\consoleapplication1\debug\matrix4.obj
c:\users\jimmy\desktop\cse190_project3\consoleapplication1\debug\model.obj
c:\users\jimmy\desktop\cse190_project3\consoleapplication1\debug\shader.obj
c:\users\jimmy\desktop\cse190_project3\consoleapplication1\debug\shadow_scene.obj
c:\users\jimmy\desktop\cse190_project3\consoleapplication1\debug\token.obj
c:\users\jimmy\desktop\cse190_project3\consoleapplication1\debug\vector3.obj
c:\users\jimmy\desktop\cse190_project3\consoleapplication1\debug\vector4.obj
c:\users\jimmy\desktop\cse190_project3\consoleapplication1\debug\viewer.obj
c:\users\jimmy\desktop\cse190_project3\consoleapplication1\debug\consoleapplication1.ilk
c:\users\jimmy\desktop\cse190_project3\consoleapplication1\debug\consoleapplication1.exe
c:\users\jimmy\desktop\cse190_project3\consoleapplication1\debug\consoleapplication1.pdb
c:\users\jimmy\desktop\cse190_project3\consoleapplication1\debug\consolea.4d6ebb1e.tlog\cl.command.1.tlog
c:\users\jimmy\desktop\cse190_project3\consoleapplication1\debug\consolea.4d6ebb1e.tlog\cl.read.1.tlog
c:\users\jimmy\desktop\cse190_project3\consoleapplication1\debug\consolea.4d6ebb1e.tlog\cl.write.1.tlog
c:\users\jimmy\desktop\cse190_project3\consoleapplication1\debug\consolea.4d6ebb1e.tlog\link.command.1.tlog
c:\users\jimmy\desktop\cse190_project3\consoleapplication1\debug\consolea.4d6ebb1e.tlog\link.read.1.tlog
c:\users\jimmy\desktop\cse190_project3\consoleapplication1\debug\consolea.4d6ebb1e.tlog\link.write.1.tlog
